<?xml version="1.0" encoding="UTF-8"?>
<!-- Generated by org.testng.reporters.JUnitReportReporter -->
<testsuite hostname="vikas-Latitude-E5440" name="com.hc.es.core.api.test.SimpleElasticsearchTest" tests="1" failures="0" timestamp="4 Sep 2015 19:45:52 GMT" time="0.872" errors="0">
  <testcase name="indexSimpleDocument" time="0.872" classname="com.hc.es.core.api.test.SimpleElasticsearchTest"/>
</testsuite> <!-- com.hc.es.core.api.test.SimpleElasticsearchTest -->
