<?xml version="1.0" encoding="UTF-8"?>
<!-- Generated by org.testng.reporters.JUnitReportReporter -->
<testsuite hostname="vikas-Latitude-E5440" name="com.hc.es.core.api.test.AdminServiceTest" tests="3" failures="0" timestamp="4 Sep 2015 19:45:52 GMT" time="1.855" errors="0">
  <testcase name="testCreateIndex" time="0.429" classname="com.hc.es.core.api.test.AdminServiceTest"/>
  <testcase name="addMappingTest" time="0.510" classname="com.hc.es.core.api.test.AdminServiceTest"/>
  <testcase name="updateIndexTest" time="0.916" classname="com.hc.es.core.api.test.AdminServiceTest"/>
</testsuite> <!-- com.hc.es.core.api.test.AdminServiceTest -->
