<?xml version="1.0" encoding="UTF-8"?>
<!-- Generated by org.testng.reporters.JUnitReportReporter -->
<testsuite hostname="vikas-Latitude-E5440" name="com.hc.es.core.api.test.SearchServiceTest" tests="1" failures="0" timestamp="4 Sep 2015 19:45:52 GMT" time="1.852" errors="0">
  <testcase name="filterTest" time="1.852" classname="com.hc.es.core.api.test.SearchServiceTest"/>
</testsuite> <!-- com.hc.es.core.api.test.SearchServiceTest -->
